<?xml version="1.0" encoding="UTF-8"?>
<!-- Generated by org.testng.reporters.JUnitXMLReporter -->
<testsuite hostname="b2ml20972" name="Default test" tests="3" failures="0" timestamp="18 Apr 2021 13:17:43 GMT" time="9.442" errors="0">
  <testcase name="addPet" time="5.915" classname="com.qa.test.TC001_AddPets_POST"/>
  <testcase name="addPet" time="1.781" classname="com.qa.test.TC001_AddPets_POST"/>
  <testcase name="addPet" time="1.695" classname="com.qa.test.TC001_AddPets_POST"/>
</testsuite> <!-- Default test -->
