<?xml version="1.0" encoding="UTF-8"?>
<testng-results skipped="0" failed="0" total="3" passed="3">
  <reporter-output>
  </reporter-output>
  <suite name="Default suite" duration-ms="9442" started-at="2021-04-18T13:17:34Z" finished-at="2021-04-18T13:17:43Z">
    <groups>
    </groups>
    <test name="Default test" duration-ms="9442" started-at="2021-04-18T13:17:34Z" finished-at="2021-04-18T13:17:43Z">
      <class name="com.qa.test.TC001_AddPets_POST">
        <test-method status="PASS" signature="setUp()[pri:0, instance:com.qa.test.TC001_AddPets_POST@5a01ccaa]" name="setUp" is-config="true" duration-ms="7" started-at="2021-04-18T18:47:34Z" finished-at="2021-04-18T18:47:34Z">
          <reporter-output>
          </reporter-output>
        </test-method> <!-- setUp -->
        <test-method status="PASS" signature="addPet(java.lang.String, java.lang.String, java.lang.String)[pri:0, instance:com.qa.test.TC001_AddPets_POST@5a01ccaa]" name="addPet" duration-ms="5915" started-at="2021-04-18T18:47:34Z" data-provider="PetDataProvider" finished-at="2021-04-18T18:47:40Z">
          <params>
            <param index="0">
              <value>
                <![CDATA[100105]]>
              </value>
            </param>
            <param index="1">
              <value>
                <![CDATA[Lab]]>
              </value>
            </param>
            <param index="2">
              <value>
                <![CDATA[available]]>
              </value>
            </param>
          </params>
          <reporter-output>
          </reporter-output>
        </test-method> <!-- addPet -->
        <test-method status="PASS" signature="setUp()[pri:0, instance:com.qa.test.TC001_AddPets_POST@5a01ccaa]" name="setUp" is-config="true" duration-ms="1" started-at="2021-04-18T18:47:40Z" finished-at="2021-04-18T18:47:40Z">
          <reporter-output>
          </reporter-output>
        </test-method> <!-- setUp -->
        <test-method status="PASS" signature="addPet(java.lang.String, java.lang.String, java.lang.String)[pri:0, instance:com.qa.test.TC001_AddPets_POST@5a01ccaa]" name="addPet" duration-ms="1781" started-at="2021-04-18T18:47:40Z" data-provider="PetDataProvider" finished-at="2021-04-18T18:47:41Z">
          <params>
            <param index="0">
              <value>
                <![CDATA[100107]]>
              </value>
            </param>
            <param index="1">
              <value>
                <![CDATA[Nan]]>
              </value>
            </param>
            <param index="2">
              <value>
                <![CDATA[pending]]>
              </value>
            </param>
          </params>
          <reporter-output>
          </reporter-output>
        </test-method> <!-- addPet -->
        <test-method status="PASS" signature="setUp()[pri:0, instance:com.qa.test.TC001_AddPets_POST@5a01ccaa]" name="setUp" is-config="true" duration-ms="1" started-at="2021-04-18T18:47:41Z" finished-at="2021-04-18T18:47:41Z">
          <reporter-output>
          </reporter-output>
        </test-method> <!-- setUp -->
        <test-method status="PASS" signature="addPet(java.lang.String, java.lang.String, java.lang.String)[pri:0, instance:com.qa.test.TC001_AddPets_POST@5a01ccaa]" name="addPet" duration-ms="1695" started-at="2021-04-18T18:47:41Z" data-provider="PetDataProvider" finished-at="2021-04-18T18:47:43Z">
          <params>
            <param index="0">
              <value>
                <![CDATA[100106]]>
              </value>
            </param>
            <param index="1">
              <value>
                <![CDATA[Alc]]>
              </value>
            </param>
            <param index="2">
              <value>
                <![CDATA[sold]]>
              </value>
            </param>
          </params>
          <reporter-output>
          </reporter-output>
        </test-method> <!-- addPet -->
      </class> <!-- com.qa.test.TC001_AddPets_POST -->
    </test> <!-- Default test -->
  </suite> <!-- Default suite -->
</testng-results>
